<?xml version="1.0" encoding="UTF-8"?>
<!-- Generated by org.testng.reporters.JUnitReportReporter -->
<testsuite hostname="MSI" failures="0" tests="9" name="TestCase.LoginTestCases" time="61.561" errors="0" timestamp="2023-04-03T21:34:52 IST" skipped="0">
  <testcase classname="TestCase.LoginTestCases" name="verifyLogWithNullValues" time="1.726"/>
  <system-out/>
  <testcase classname="TestCase.LoginTestCases" name="verifyLogInvalidCrediantial" time="5.353"/>
  <system-out/>
  <testcase classname="TestCase.LoginTestCases" name="verifyLogInvalidCrediantial" time="4.799"/>
  <system-out/>
  <testcase classname="TestCase.LoginTestCases" name="verifyLogWithNullValues" time="1.904"/>
  <system-out/>
  <testcase classname="TestCase.LoginTestCases" name="verifyLogWithNullValues" time="1.983"/>
  <system-out/>
  <testcase classname="TestCase.LoginTestCases" name="Login_end_to_End" time="33.006"/>
  <system-out/>
  <testcase classname="TestCase.LoginTestCases" name="verifyLogInvalidCrediantial" time="3.176"/>
  <system-out/>
  <testcase classname="TestCase.LoginTestCases" name="verifyLogInvalidCrediantial" time="2.804"/>
  <system-out/>
  <testcase classname="TestCase.LoginTestCases" name="verifyLogInvalidCrediantial" time="6.810"/>
  <system-out/>
</testsuite> <!-- TestCase.LoginTestCases -->
