<?xml version="1.0" encoding="UTF-8"?>
<!-- Generated by org.testng.reporters.JUnitReportReporter -->
<testsuite hostname="MSI" failures="0" tests="2" name="TestCase.OptionalFieldTestCases" time="33.463" errors="0" timestamp="2023-04-03T21:34:52 IST" skipped="0">
  <testcase classname="TestCase.OptionalFieldTestCases" name="optionalAlternetFlow" time="17.949"/>
  <system-out/>
  <testcase classname="TestCase.OptionalFieldTestCases" name="optionalEndToEndBasicFlow" time="15.514"/>
  <system-out/>
</testsuite> <!-- TestCase.OptionalFieldTestCases -->
