<?xml version="1.0" encoding="UTF-8"?>
<!-- Generated by org.testng.reporters.JUnitReportReporter -->
<testsuite hostname="MSI" failures="0" tests="9" name="TestCase.ReportingMethodsTestCase" time="152.138" errors="0" timestamp="2023-04-03T21:34:52 IST" skipped="0">
  <testcase classname="TestCase.ReportingMethodsTestCase" name="reportingMethodNotEmpty" time="13.471"/>
  <system-out/>
  <testcase classname="TestCase.ReportingMethodsTestCase" name="reportinMethodDataDriven" time="14.155"/>
  <system-out/>
  <testcase classname="TestCase.ReportingMethodsTestCase" name="reportingMethodAlterFlow" time="25.620"/>
  <system-out/>
  <testcase classname="TestCase.ReportingMethodsTestCase" name="sameReportNames" time="20.017"/>
  <system-out/>
  <testcase classname="TestCase.ReportingMethodsTestCase" name="reportinMethodDataDriven" time="15.820"/>
  <system-out/>
  <testcase classname="TestCase.ReportingMethodsTestCase" name="reportinMethodDataDriven" time="10.313"/>
  <system-out/>
  <testcase classname="TestCase.ReportingMethodsTestCase" name="reportinMethodDataDriven" time="17.551"/>
  <system-out/>
  <testcase classname="TestCase.ReportingMethodsTestCase" name="deleteAllUnUsedReports" time="23.244"/>
  <system-out/>
  <testcase classname="TestCase.ReportingMethodsTestCase" name="reportinMethodDataDriven" time="11.947"/>
  <system-out/>
</testsuite> <!-- TestCase.ReportingMethodsTestCase -->
