<?xml version="1.0" encoding="UTF-8"?>
<!-- Generated by org.testng.reporters.JUnitReportReporter -->
<testsuite hostname="MSI" failures="0" tests="9" name="TestCase.TerminationReasonsTestCase" time="112.984" errors="0" timestamp="2023-04-03T21:34:52 IST" skipped="0">
  <testcase classname="TestCase.TerminationReasonsTestCase" name="terminationDataDriven" time="9.741"/>
  <system-out/>
  <testcase classname="TestCase.TerminationReasonsTestCase" name="terminationDataDriven" time="9.544"/>
  <system-out/>
  <testcase classname="TestCase.TerminationReasonsTestCase" name="terminationEndToEnd" time="14.837"/>
  <system-out/>
  <testcase classname="TestCase.TerminationReasonsTestCase" name="terminationDataDriven" time="9.990"/>
  <system-out/>
  <testcase classname="TestCase.TerminationReasonsTestCase" name="terminationDataDriven" time="9.613"/>
  <system-out/>
  <testcase classname="TestCase.TerminationReasonsTestCase" name="terminationNotEmpty" time="11.248"/>
  <system-out/>
  <testcase classname="TestCase.TerminationReasonsTestCase" name="deleteAllUnUsedTerminations" time="14.807"/>
  <system-out/>
  <testcase classname="TestCase.TerminationReasonsTestCase" name="terminationDataDriven" time="9.499"/>
  <system-out/>
  <testcase classname="TestCase.TerminationReasonsTestCase" name="sameReportNames" time="23.705"/>
  <system-out/>
</testsuite> <!-- TestCase.TerminationReasonsTestCase -->
