<?xml version="1.0" encoding="UTF-8"?>
<!-- Generated by org.testng.reporters.JUnitReportReporter -->
<testsuite hostname="MSI" failures="0" tests="11" name="TestCase.AddEmployeeTestCases" time="109.228" errors="0" timestamp="2023-04-03T21:34:52 IST" skipped="0">
  <testcase classname="TestCase.AddEmployeeTestCases" name="addEmpDataDriven" time="10.401"/>
  <system-out/>
  <testcase classname="TestCase.AddEmployeeTestCases" name="addEmpDataDriven" time="8.637"/>
  <system-out/>
  <testcase classname="TestCase.AddEmployeeTestCases" name="createLoginDetails" time="17.278"/>
  <system-out/>
  <testcase classname="TestCase.AddEmployeeTestCases" name="addEmpEndToEnd" time="11.092"/>
  <system-out/>
  <testcase classname="TestCase.AddEmployeeTestCases" name="addEmpDataDriven" time="10.953"/>
  <system-out/>
  <testcase classname="TestCase.AddEmployeeTestCases" name="addEmpDataDriven" time="9.172"/>
  <system-out/>
  <testcase classname="TestCase.AddEmployeeTestCases" name="addEmptyValues" time="8.473"/>
  <system-out/>
  <testcase classname="TestCase.AddEmployeeTestCases" name="deleteMitipleEmp" time="11.226"/>
  <system-out/>
  <testcase classname="TestCase.AddEmployeeTestCases" name="verifyUserPasswordLessChar" time="5.765"/>
  <system-out/>
  <testcase classname="TestCase.AddEmployeeTestCases" name="verifyUserPasswordMoreChar" time="6.760"/>
  <system-out/>
  <testcase classname="TestCase.AddEmployeeTestCases" name="addEmpDataDriven" time="9.471"/>
  <system-out/>
</testsuite> <!-- TestCase.AddEmployeeTestCases -->
